<?xml version="1.0" encoding="UTF-8"?>
<!-- Generated by org.testng.reporters.JUnitXMLReporter -->
<testsuite hostname="Giteshp-lap007" failures="1" tests="10" name="Alltest" time="13.227" errors="0" timestamp="30 Nov 2022 17:22:56 GMT">
  <testcase classname="Com.NopCommerce.Test.Nop_Registration_Test" name="@BeforeMethod GotoRegistration" time="0.0">
    <failure type="java.lang.NullPointerException">
      <![CDATA[java.lang.NullPointerException
	at org.openqa.selenium.support.pagefactory.DefaultElementLocator.findElement(DefaultElementLocator.java:70)
	at org.openqa.selenium.support.pagefactory.internal.LocatingElementHandler.invoke(LocatingElementHandler.java:39)
	at com.sun.proxy.$Proxy33.click(Unknown Source)
	at Com.NopCommerece.PageObj.Nop_Commerece_HomePage.ClickOnRegister(Nop_Commerece_HomePage.java:34)
	at Com.NopCommerce.Test.Nop_Registration_Test.GotoRegistration(Nop_Registration_Test.java:22)
... Removed 26 stack frames]]>
    </failure>
  </testcase> <!-- @BeforeMethod GotoRegistration -->
  <testcase classname="Com.NopCommerce.Test.Nop_Registration_Test" name="@AfterClass TearDown" time="0.0">
    <skipped/>
  </testcase> <!-- @AfterClass TearDown -->
  <testcase classname="Com.NopCommerce.Test.Nop_LoginPage_Test" name="@BeforeClass setup" time="0.0">
    <skipped/>
  </testcase> <!-- @BeforeClass setup -->
  <testcase classname="Com.NopCommerce.Test.Nop_LoginPage_Test" name="@BeforeMethod prerequisites" time="0.0">
    <skipped/>
  </testcase> <!-- @BeforeMethod prerequisites -->
  <testcase classname="Com.NopCommerce.Test.Nop_LoginPage_Test" name="@BeforeMethod prerequisites" time="0.0">
    <skipped/>
  </testcase> <!-- @BeforeMethod prerequisites -->
  <testcase classname="Com.NopCommerce.Test.Nop_LoginPage_Test" name="@BeforeMethod prerequisites" time="0.0">
    <skipped/>
  </testcase> <!-- @BeforeMethod prerequisites -->
  <testcase classname="Com.NopCommerce.Test.Nop_LoginPage_Test" name="@BeforeMethod prerequisites" time="0.0">
    <skipped/>
  </testcase> <!-- @BeforeMethod prerequisites -->
  <testcase classname="Com.NopCommerce.Test.Nop_LoginPage_Test" name="@BeforeMethod prerequisites" time="0.0">
    <skipped/>
  </testcase> <!-- @BeforeMethod prerequisites -->
  <testcase classname="Com.NopCommerce.Test.Nop_LoginPage_Test" name="@AfterClass TearDown" time="0.0">
    <skipped/>
  </testcase> <!-- @AfterClass TearDown -->
  <testcase classname="Com.NopCommerce.Test.Nop_SearchPage_Test" name="@BeforeClass setup" time="0.0">
    <skipped/>
  </testcase> <!-- @BeforeClass setup -->
  <testcase classname="Com.NopCommerce.Test.Nop_SearchPage_Test" name="@BeforeMethod setupsearch" time="0.0">
    <skipped/>
  </testcase> <!-- @BeforeMethod setupsearch -->
  <testcase classname="Com.NopCommerce.Test.Nop_SearchPage_Test" name="@BeforeMethod setupsearch" time="0.0">
    <skipped/>
  </testcase> <!-- @BeforeMethod setupsearch -->
  <testcase classname="Com.NopCommerce.Test.Nop_SearchPage_Test" name="@AfterClass TearDown" time="0.0">
    <skipped/>
  </testcase> <!-- @AfterClass TearDown -->
  <testcase classname="Com.NopCommerce.Test.Nop_WishList_Test" name="@BeforeClass setup" time="0.0">
    <skipped/>
  </testcase> <!-- @BeforeClass setup -->
  <testcase classname="Com.NopCommerce.Test.Nop_WishList_Test" name="@BeforeMethod setupwish" time="0.0">
    <skipped/>
  </testcase> <!-- @BeforeMethod setupwish -->
  <testcase classname="Com.NopCommerce.Test.Nop_WishList_Test" name="@AfterClass TearDown" time="0.0">
    <skipped/>
  </testcase> <!-- @AfterClass TearDown -->
  <testcase classname="Com.NopCommerce.Test.Nop_HomePage_Test" name="validatetitle" time="0.029">
    <failure type="java.lang.NullPointerException">
      <![CDATA[java.lang.NullPointerException
	at org.openqa.selenium.support.pagefactory.DefaultElementLocator.findElement(DefaultElementLocator.java:70)
	at org.openqa.selenium.support.pagefactory.internal.LocatingElementHandler.invoke(LocatingElementHandler.java:39)
	at com.sun.proxy.$Proxy33.isDisplayed(Unknown Source)
	at Com.NopCommerece.PageObj.Nop_Commerece_HomePage.Validatelogovisibility(Nop_Commerece_HomePage.java:28)
	at Com.NopCommerce.Test.Nop_HomePage_Test.validatetitle(Nop_HomePage_Test.java:22)
... Removed 24 stack frames]]>
    </failure>
  </testcase> <!-- validatetitle -->
  <testcase classname="Com.NopCommerce.Test.Nop_Registration_Test" name="FillRegistration" time="0.002">
    <skipped/>
  </testcase> <!-- FillRegistration -->
  <testcase classname="Com.NopCommerce.Test.Nop_LoginPage_Test" name="TestLogin" time="0.003">
    <skipped/>
  </testcase> <!-- TestLogin -->
  <testcase classname="Com.NopCommerce.Test.Nop_LoginPage_Test" name="TestLogin" time="0.002">
    <skipped/>
  </testcase> <!-- TestLogin -->
  <testcase classname="Com.NopCommerce.Test.Nop_LoginPage_Test" name="TestLogin" time="0.002">
    <skipped/>
  </testcase> <!-- TestLogin -->
  <testcase classname="Com.NopCommerce.Test.Nop_LoginPage_Test" name="WrongEmailTest" time="0.003">
    <skipped/>
  </testcase> <!-- WrongEmailTest -->
  <testcase classname="Com.NopCommerce.Test.Nop_LoginPage_Test" name="validlogin" time="0.003">
    <skipped/>
  </testcase> <!-- validlogin -->
  <testcase classname="Com.NopCommerce.Test.Nop_SearchPage_Test" name="seachvalidation" time="0.002">
    <skipped/>
  </testcase> <!-- seachvalidation -->
  <testcase classname="Com.NopCommerce.Test.Nop_SearchPage_Test" name="TestClickonSearch" time="0.002">
    <skipped/>
  </testcase> <!-- TestClickonSearch -->
  <testcase classname="Com.NopCommerce.Test.Nop_WishList_Test" name="CheckWishListItems" time="0.001">
    <skipped/>
  </testcase> <!-- CheckWishListItems -->
</testsuite> <!-- Alltest -->
